<?xml version="1.0" encoding="UTF-8"?>
<!-- Generated by org.testng.reporters.JUnitReportReporter -->
<testsuite hostname="vikram" name="testcases.GuestCancellation_BeforeHost_Accepts" tests="6" failures="0" timestamp="17 Jul 2017 07:10:40 GMT" time="60.543" errors="0">
  <testcase name="SelectDates" time="13.010" classname="testcases.GuestCancellation_BeforeHost_Accepts"/>
  <testcase name="BookingStatus" time="7.820" classname="testcases.GuestCancellation_BeforeHost_Accepts"/>
  <testcase name="GuestLogin" time="16.171" classname="testcases.GuestCancellation_BeforeHost_Accepts"/>
  <testcase name="SearchForProperty" time="4.831" classname="testcases.GuestCancellation_BeforeHost_Accepts"/>
  <testcase name="GuestLogOut" time="1.467" classname="testcases.GuestCancellation_BeforeHost_Accepts"/>
  <testcase name="GuestCancel" time="17.244" classname="testcases.GuestCancellation_BeforeHost_Accepts"/>
</testsuite> <!-- testcases.GuestCancellation_BeforeHost_Accepts -->
