<?xml version="1.0" encoding="UTF-8"?>
<!-- Generated by org.testng.reporters.JUnitReportReporter -->
<testsuite hostname="vikram" name="testcases.HostCancellation_AfterAccept" tests="6" failures="0" timestamp="17 Jul 2017 09:58:18 GMT" time="107.850" errors="0">
  <testcase name="HostLoginToAccept" time="59.368" classname="testcases.HostCancellation_AfterAccept"/>
  <testcase name="SearchForProperty" time="4.645" classname="testcases.HostCancellation_AfterAccept"/>
  <testcase name="BookingStatus" time="7.275" classname="testcases.HostCancellation_AfterAccept"/>
  <testcase name="SelectDates" time="12.921" classname="testcases.HostCancellation_AfterAccept"/>
  <testcase name="GuestLogin" time="14.831" classname="testcases.HostCancellation_AfterAccept"/>
  <testcase name="GuestLogOut" time="8.810" classname="testcases.HostCancellation_AfterAccept"/>
</testsuite> <!-- testcases.HostCancellation_AfterAccept -->
