<?xml version="1.0" encoding="UTF-8"?>
<!-- Generated by org.testng.reporters.JUnitReportReporter -->
<testsuite hostname="vikram" name="testcases.UserProfile" tests="1" failures="0" timestamp="18 Jul 2017 06:21:59 GMT" time="27.604" errors="0">
  <testcase name="Profile" time="27.604" classname="testcases.UserProfile"/>
</testsuite> <!-- testcases.UserProfile -->
