<?xml version="1.0" encoding="UTF-8"?>
<!-- Generated by org.testng.reporters.JUnitReportReporter -->
<testsuite hostname="vikram" name="testcases.HostCancellation_BeforeAccept" tests="6" failures="0" timestamp="17 Jul 2017 09:42:58 GMT" time="108.026" errors="0">
  <testcase name="SelectDates" time="12.885" classname="testcases.HostCancellation_BeforeAccept"/>
  <testcase name="SearchForProperty" time="5.142" classname="testcases.HostCancellation_BeforeAccept"/>
  <testcase name="HostLogin" time="56.259" classname="testcases.HostCancellation_BeforeAccept"/>
  <testcase name="GuestLogin" time="17.230" classname="testcases.HostCancellation_BeforeAccept"/>
  <testcase name="BookingStatus" time="7.521" classname="testcases.HostCancellation_BeforeAccept"/>
  <testcase name="GuestLogOut" time="8.989" classname="testcases.HostCancellation_BeforeAccept"/>
</testsuite> <!-- testcases.HostCancellation_BeforeAccept -->
