<?xml version="1.0" encoding="UTF-8"?>
<!-- Generated by org.testng.reporters.JUnitReportReporter -->
<testsuite hostname="vikram" name="testcases.GuestLogin" tests="1" failures="0" timestamp="7 Jul 2017 06:00:31 GMT" time="54.195" errors="0">
  <testcase name="UserLogin" time="54.195" classname="testcases.GuestLogin"/>
</testsuite> <!-- testcases.GuestLogin -->
