<?xml version="1.0" encoding="UTF-8"?>
<!-- Generated by org.testng.reporters.JUnitReportReporter -->
<testsuite hostname="vikram" name="testcases.GuestCancellation_AfterHost_Accepts" tests="8" failures="0" timestamp="17 Jul 2017 09:32:15 GMT" time="169.240" errors="0">
  <testcase name="GuestLogin" time="24.024" classname="testcases.GuestCancellation_AfterHost_Accepts"/>
  <testcase name="BookingStatus" time="7.394" classname="testcases.GuestCancellation_AfterHost_Accepts"/>
  <testcase name="GuestLogOut" time="8.961" classname="testcases.GuestCancellation_AfterHost_Accepts"/>
  <testcase name="HostLogin" time="56.174" classname="testcases.GuestCancellation_AfterHost_Accepts"/>
  <testcase name="HostLogOut" time="14.271" classname="testcases.GuestCancellation_AfterHost_Accepts"/>
  <testcase name="SelectDates" time="13.429" classname="testcases.GuestCancellation_AfterHost_Accepts"/>
  <testcase name="GuestLoginToCancel" time="39.774" classname="testcases.GuestCancellation_AfterHost_Accepts"/>
  <testcase name="SearchForProperty" time="5.213" classname="testcases.GuestCancellation_AfterHost_Accepts"/>
</testsuite> <!-- testcases.GuestCancellation_AfterHost_Accepts -->
